<?xml version="1.0" encoding="UTF-8"?>
<testsuite errors="0" failures="0" name="Check Order" skipped="0" tests="7" time="15.990913">
<testcase classname="Check Order" name="验单逻辑 (outline example : | empty.json | check_mock_1.yaml | check_request_1.yaml | check_response_1.json |)" time="0.692039">
  <system-out/>
  <system-err/>
</testcase>
<testcase classname="Check Order" name="验单逻辑 (outline example : | check_mprpc_2.json | check_mock_2.yaml | check_request_2.yaml | check_response_2.json |)" time="1.570090">
  <system-out/>
  <system-err/>
</testcase>
<testcase classname="Check Order" name="验单逻辑 (outline example : | check_mprpc_3.json | check_mock_3.yaml | check_request_3.yaml | check_response_3.json |)" time="1.190068">
  <system-out/>
  <system-err/>
</testcase>
<testcase classname="Check Order" name="验单逻辑 (outline example : | check_mprpc_4.json | check_mock_4.yaml | check_request_4.yaml | check_response_4.json |)" time="1.159066">
  <system-out/>
  <system-err/>
</testcase>
<testcase classname="Check Order" name="验单逻辑 (outline example : | empty.json | check_mock_5.yaml | check_request_5.yaml | check_response_5.json |)" time="0.849048">
  <system-out/>
  <system-err/>
</testcase>
<testcase classname="Check Order" name="验单逻辑 (outline example : | empty.json | check_mock_6.yaml | check_request_6.yaml | check_response_6.json |)" time="9.813561">
  <system-out/>
  <system-err/>
</testcase>
<testcase classname="Check Order" name="验单逻辑 (outline example : | empty.json | empty.yaml | check_request_7.yaml | check_response_7.json |)" time="0.717041">
  <system-out/>
  <system-err/>
</testcase>
  <system-out>
    <![CDATA[]]>
  </system-out>
  <system-err>
    <![CDATA[[DEPRECATION] "eval" is deprecated. Please use "evaluate" instead
[DEPRECATION] "eval" is deprecated. Please use "evaluate" instead
[DEPRECATION] "eval" is deprecated. Please use "evaluate" instead
[DEPRECATION] "eval" is deprecated. Please use "evaluate" instead
[DEPRECATION] "eval" is deprecated. Please use "evaluate" instead
[DEPRECATION] "eval" is deprecated. Please use "evaluate" instead
[DEPRECATION] "eval" is deprecated. Please use "evaluate" instead
]]>
  </system-err>
</testsuite>
